[ 2013-10-30T13:35:50+08:00 ] 0.0.0.0 /app/
INFO: [ app_begin ] --START--
INFO: ReadHtmlCache Behavior ::run [ RunTime:0.012000s ]
INFO: [ app_begin ] --END-- [ RunTime:0.013000s ]
ERR: 模板不存在[D:/xampp/htdocs/app/Tpl/Index/index.html]

[ 2013-10-30T13:37:30+08:00 ] 0.0.0.0 /app/
INFO: [ app_begin ] --START--
INFO: ReadHtmlCache Behavior ::run [ RunTime:0.001000s ]
INFO: [ app_begin ] --END-- [ RunTime:0.001000s ]
INFO: [ view_parse ] --START--
INFO: ParseTemplate Behavior ::run [ RunTime:0.060003s ]
INFO: [ view_parse ] --END-- [ RunTime:0.061004s ]
INFO: [ view_filter ] --START--
INFO: ContentReplace Behavior ::run [ RunTime:0.013000s ]
INFO: TokenBuild Behavior ::run [ RunTime:0.014001s ]
INFO: WriteHtmlCache Behavior ::run [ RunTime:0.007000s ]
INFO: ShowRuntime Behavior ::run [ RunTime:0.005001s ]
INFO: [ view_filter ] --END-- [ RunTime:0.040002s ]
INFO: [ view_end ] --START--
INFO: ShowPageTrace Behavior ::run [ RunTime:0.014001s ]
INFO: [ view_end ] --END-- [ RunTime:0.014001s ]
NOTIC: [8] Constant PHP_FILE already defined D:\xampp\htdocs\app\ThinkPHP\Lib\Core\Dispatcher.class.php 第 44 行.
NOTIC: [8] Constant __INFO__ already defined D:\xampp\htdocs\app\ThinkPHP\Lib\Core\Dispatcher.class.php 第 137 行.
NOTIC: [8] Constant __SELF__ already defined D:\xampp\htdocs\app\ThinkPHP\Lib\Core\Dispatcher.class.php 第 141 行.
NOTIC: [8] Constant __APP__ already defined D:\xampp\htdocs\app\ThinkPHP\Lib\Core\Dispatcher.class.php 第 143 行.
NOTIC: [8] Constant BASE_LIB_PATH already defined D:\xampp\htdocs\app\ThinkPHP\Lib\Core\Dispatcher.class.php 第 153 行.
NOTIC: [8] Constant MODULE_NAME already defined D:\xampp\htdocs\app\ThinkPHP\Lib\Core\Dispatcher.class.php 第 178 行.
NOTIC: [8] Constant ACTION_NAME already defined D:\xampp\htdocs\app\ThinkPHP\Lib\Core\Dispatcher.class.php 第 179 行.
NOTIC: [8] Constant __URL__ already defined D:\xampp\htdocs\app\ThinkPHP\Lib\Core\Dispatcher.class.php 第 186 行.
NOTIC: [8] Constant __ACTION__ already defined D:\xampp\htdocs\app\ThinkPHP\Lib\Core\Dispatcher.class.php 第 189 行.
NOTIC: [8] Constant NOW_TIME already defined D:\xampp\htdocs\app\ThinkPHP\Lib\Core\App.class.php 第 41 行.
NOTIC: [8] Constant REQUEST_METHOD already defined D:\xampp\htdocs\app\ThinkPHP\Lib\Core\App.class.php 第 42 行.
NOTIC: [8] Constant IS_GET already defined D:\xampp\htdocs\app\ThinkPHP\Lib\Core\App.class.php 第 43 行.
NOTIC: [8] Constant IS_POST already defined D:\xampp\htdocs\app\ThinkPHP\Lib\Core\App.class.php 第 44 行.
NOTIC: [8] Constant IS_PUT already defined D:\xampp\htdocs\app\ThinkPHP\Lib\Core\App.class.php 第 45 行.
NOTIC: [8] Constant IS_DELETE already defined D:\xampp\htdocs\app\ThinkPHP\Lib\Core\App.class.php 第 46 行.
NOTIC: [8] Constant IS_AJAX already defined D:\xampp\htdocs\app\ThinkPHP\Lib\Core\App.class.php 第 47 行.
INFO: [ app_begin ] --START--
INFO: ReadHtmlCache Behavior ::run [ RunTime:0.000000s ]
INFO: [ app_begin ] --END-- [ RunTime:-0.118007s ]
NOTIC: [8] A session had already been started - ignoring session_start() D:\xampp\htdocs\app\ThinkPHP\Common\functions.php 第 566 行.
NOTIC: [8] Constant THEME_NAME already defined D:\xampp\htdocs\app\ThinkPHP\Lib\Core\View.class.php 第 223 行.
NOTIC: [8] Constant THEME_PATH already defined D:\xampp\htdocs\app\ThinkPHP\Lib\Core\View.class.php 第 174 行.
NOTIC: [8] Constant APP_TMPL_PATH already defined D:\xampp\htdocs\app\ThinkPHP\Lib\Core\View.class.php 第 175 行.
INFO: [ view_parse ] --START--
INFO: ParseTemplate Behavior ::run [ RunTime:0.002000s ]
INFO: [ view_parse ] --END-- [ RunTime:-0.055003s ]
INFO: [ view_filter ] --START--
INFO: ContentReplace Behavior ::run [ RunTime:0.000000s ]
INFO: TokenBuild Behavior ::run [ RunTime:0.000000s ]
INFO: WriteHtmlCache Behavior ::run [ RunTime:0.000000s ]
INFO: ShowRuntime Behavior ::run [ RunTime:0.000000s ]
INFO: [ view_filter ] --END-- [ RunTime:-0.017001s ]
INFO: [ view_end ] --START--
INFO: ShowPageTrace Behavior ::run [ RunTime:0.000000s ]
INFO: [ view_end ] --END-- [ RunTime:-0.003000s ]

[ 2013-10-30T13:50:54+08:00 ] 0.0.0.0 /app/
INFO: [ app_begin ] --START--
INFO: ReadHtmlCache Behavior ::run [ RunTime:0.001000s ]
INFO: [ app_begin ] --END-- [ RunTime:0.001000s ]
INFO: [ view_parse ] --START--
INFO: ParseTemplate Behavior ::run [ RunTime:0.060003s ]
INFO: [ view_parse ] --END-- [ RunTime:0.060003s ]
INFO: [ view_filter ] --START--
INFO: ContentReplace Behavior ::run [ RunTime:0.000000s ]
INFO: TokenBuild Behavior ::run [ RunTime:0.001000s ]
INFO: WriteHtmlCache Behavior ::run [ RunTime:0.000000s ]
INFO: ShowRuntime Behavior ::run [ RunTime:0.000000s ]
INFO: [ view_filter ] --END-- [ RunTime:0.001000s ]
INFO: [ view_end ] --START--
INFO: ShowPageTrace Behavior ::run [ RunTime:0.000000s ]
INFO: [ view_end ] --END-- [ RunTime:0.000000s ]
NOTIC: [8] Constant PHP_FILE already defined D:\xampp\htdocs\app\ThinkPHP\Lib\Core\Dispatcher.class.php 第 44 行.
NOTIC: [8] Constant __INFO__ already defined D:\xampp\htdocs\app\ThinkPHP\Lib\Core\Dispatcher.class.php 第 137 行.
NOTIC: [8] Constant __SELF__ already defined D:\xampp\htdocs\app\ThinkPHP\Lib\Core\Dispatcher.class.php 第 141 行.
NOTIC: [8] Constant __APP__ already defined D:\xampp\htdocs\app\ThinkPHP\Lib\Core\Dispatcher.class.php 第 143 行.
NOTIC: [8] Constant BASE_LIB_PATH already defined D:\xampp\htdocs\app\ThinkPHP\Lib\Core\Dispatcher.class.php 第 153 行.
NOTIC: [8] Constant MODULE_NAME already defined D:\xampp\htdocs\app\ThinkPHP\Lib\Core\Dispatcher.class.php 第 178 行.
NOTIC: [8] Constant ACTION_NAME already defined D:\xampp\htdocs\app\ThinkPHP\Lib\Core\Dispatcher.class.php 第 179 行.
NOTIC: [8] Constant __URL__ already defined D:\xampp\htdocs\app\ThinkPHP\Lib\Core\Dispatcher.class.php 第 186 行.
NOTIC: [8] Constant __ACTION__ already defined D:\xampp\htdocs\app\ThinkPHP\Lib\Core\Dispatcher.class.php 第 189 行.
NOTIC: [8] Constant NOW_TIME already defined D:\xampp\htdocs\app\ThinkPHP\Lib\Core\App.class.php 第 41 行.
NOTIC: [8] Constant REQUEST_METHOD already defined D:\xampp\htdocs\app\ThinkPHP\Lib\Core\App.class.php 第 42 行.
NOTIC: [8] Constant IS_GET already defined D:\xampp\htdocs\app\ThinkPHP\Lib\Core\App.class.php 第 43 行.
NOTIC: [8] Constant IS_POST already defined D:\xampp\htdocs\app\ThinkPHP\Lib\Core\App.class.php 第 44 行.
NOTIC: [8] Constant IS_PUT already defined D:\xampp\htdocs\app\ThinkPHP\Lib\Core\App.class.php 第 45 行.
NOTIC: [8] Constant IS_DELETE already defined D:\xampp\htdocs\app\ThinkPHP\Lib\Core\App.class.php 第 46 行.
NOTIC: [8] Constant IS_AJAX already defined D:\xampp\htdocs\app\ThinkPHP\Lib\Core\App.class.php 第 47 行.
INFO: [ app_begin ] --START--
INFO: ReadHtmlCache Behavior ::run [ RunTime:0.000000s ]
INFO: [ app_begin ] --END-- [ RunTime:-0.064003s ]
NOTIC: [8] A session had already been started - ignoring session_start() D:\xampp\htdocs\app\ThinkPHP\Common\functions.php 第 566 行.
NOTIC: [8] Constant THEME_NAME already defined D:\xampp\htdocs\app\ThinkPHP\Lib\Core\View.class.php 第 223 行.
NOTIC: [8] Constant THEME_PATH already defined D:\xampp\htdocs\app\ThinkPHP\Lib\Core\View.class.php 第 174 行.
NOTIC: [8] Constant APP_TMPL_PATH already defined D:\xampp\htdocs\app\ThinkPHP\Lib\Core\View.class.php 第 175 行.
INFO: [ view_parse ] --START--
INFO: ParseTemplate Behavior ::run [ RunTime:0.001000s ]
INFO: [ view_parse ] --END-- [ RunTime:-0.003000s ]
INFO: [ view_filter ] --START--
INFO: ContentReplace Behavior ::run [ RunTime:0.000000s ]
INFO: TokenBuild Behavior ::run [ RunTime:0.000000s ]
INFO: WriteHtmlCache Behavior ::run [ RunTime:0.000000s ]
INFO: ShowRuntime Behavior ::run [ RunTime:0.000000s ]
INFO: [ view_filter ] --END-- [ RunTime:-0.003000s ]
INFO: [ view_end ] --START--
INFO: ShowPageTrace Behavior ::run [ RunTime:0.000000s ]
INFO: [ view_end ] --END-- [ RunTime:-0.002000s ]

[ 2013-10-30T13:51:24+08:00 ] 0.0.0.0 /app/
INFO: [ app_begin ] --START--
INFO: ReadHtmlCache Behavior ::run [ RunTime:0.000000s ]
INFO: [ app_begin ] --END-- [ RunTime:0.000000s ]
INFO: [ view_parse ] --START--
INFO: ParseTemplate Behavior ::run [ RunTime:0.005001s ]
INFO: [ view_parse ] --END-- [ RunTime:0.005001s ]
INFO: [ view_filter ] --START--
INFO: ContentReplace Behavior ::run [ RunTime:0.001000s ]
INFO: TokenBuild Behavior ::run [ RunTime:0.000000s ]
INFO: WriteHtmlCache Behavior ::run [ RunTime:0.001000s ]
INFO: ShowRuntime Behavior ::run [ RunTime:0.000000s ]
INFO: [ view_filter ] --END-- [ RunTime:0.002000s ]
INFO: [ view_end ] --START--
INFO: ShowPageTrace Behavior ::run [ RunTime:0.001000s ]
INFO: [ view_end ] --END-- [ RunTime:0.001000s ]
NOTIC: [8] Undefined variable: app D:\xampp\htdocs\app\index.php 第 5 行.

[ 2013-10-30T13:51:37+08:00 ] 0.0.0.0 /app/
INFO: [ app_begin ] --START--
INFO: ReadHtmlCache Behavior ::run [ RunTime:0.001000s ]
INFO: [ app_begin ] --END-- [ RunTime:0.001000s ]
INFO: [ view_parse ] --START--
INFO: ParseTemplate Behavior ::run [ RunTime:0.005000s ]
INFO: [ view_parse ] --END-- [ RunTime:0.005000s ]
INFO: [ view_filter ] --START--
INFO: ContentReplace Behavior ::run [ RunTime:0.001000s ]
INFO: TokenBuild Behavior ::run [ RunTime:0.000000s ]
INFO: WriteHtmlCache Behavior ::run [ RunTime:0.001000s ]
INFO: ShowRuntime Behavior ::run [ RunTime:0.000000s ]
INFO: [ view_filter ] --END-- [ RunTime:0.002000s ]
INFO: [ view_end ] --START--
INFO: ShowPageTrace Behavior ::run [ RunTime:0.001000s ]
INFO: [ view_end ] --END-- [ RunTime:0.001000s ]

[ 2013-10-30T14:00:33+08:00 ] 0.0.0.0 /app/
INFO: [ app_begin ] --START--
INFO: ReadHtmlCache Behavior ::run [ RunTime:0.002000s ]
INFO: [ app_begin ] --END-- [ RunTime:0.002000s ]
INFO: [ view_parse ] --START--
NOTIC: [8] Undefined offset: 1 D:\xampp\htdocs\app\ThinkPHP\Lib\Driver\TagLib\TagLibCx.class.php 第 524 行.
INFO: ParseTemplate Behavior ::run [ RunTime:0.006000s ]
INFO: [ view_parse ] --END-- [ RunTime:0.006000s ]
INFO: [ view_filter ] --START--
INFO: ContentReplace Behavior ::run [ RunTime:0.000000s ]
INFO: TokenBuild Behavior ::run [ RunTime:0.001000s ]
INFO: WriteHtmlCache Behavior ::run [ RunTime:0.000000s ]
INFO: ShowRuntime Behavior ::run [ RunTime:0.002000s ]
INFO: [ view_filter ] --END-- [ RunTime:0.003000s ]
INFO: [ view_end ] --START--
INFO: ShowPageTrace Behavior ::run [ RunTime:0.001000s ]
INFO: [ view_end ] --END-- [ RunTime:0.001000s ]

